build/app/intermediates/manifest_merge_blame_file/release/manifest-merger-blame-release-report.txt
1<?xml version="1.0" encoding="utf-8"?>
2<manifest xmlns:android="http://schemas.android.com/apk/res/android"
3    package="com.example.kilimosalama"
4    android:versionCode="4001"
5    android:versionName="1.0.0" >
6
7    <uses-sdk
8        android:minSdkVersion="19"
8-->src\main\AndroidManifest.xml
9        android:targetSdkVersion="28" />
9-->src\main\AndroidManifest.xml
10    <!--
11         io.flutter.app.FlutterApplication is an android.app.Application that
12         calls FlutterMain.startInitialization(this); in its onCreate method.
13         In most cases you can leave this as-is, but you if you want to provide
14         additional functionality it is fine to subclass or reimplement
15         FlutterApplication and put your custom class here.
16    -->
17    <uses-permission android:name="android.permission.ACCESS_FINE_LOCATION" />
17-->src\main\AndroidManifest.xml:8:10-84
17-->src\main\AndroidManifest.xml:8:27-81
18    <uses-permission android:name="android.permission.ACCESS_COARSE_LOCATION" />
18-->src\main\AndroidManifest.xml:9:10-86
18-->src\main\AndroidManifest.xml:9:27-83
19    <uses-permission android:name="android.permission.INTERNET" />
19-->src\main\AndroidManifest.xml:10:10-71
19-->src\main\AndroidManifest.xml:10:27-69
20    <uses-permission android:name="android.permission.VIBRATE" />
20-->src\main\AndroidManifest.xml:11:10-71
20-->src\main\AndroidManifest.xml:11:27-68
21    <uses-permission android:name="android.permission.RECEIVE_BOOT_COMPLETED" />
21-->src\main\AndroidManifest.xml:12:10-85
21-->src\main\AndroidManifest.xml:12:27-83
22    <uses-permission android:name="android.permission.ACCESS_NETWORK_STATE" />
22-->[:firebase_analytics] AndroidManifest.xml:7:5-79
22-->[:firebase_analytics] AndroidManifest.xml:7:22-76
23    <uses-permission android:name="android.permission.WAKE_LOCK" />
23-->[:firebase_analytics] AndroidManifest.xml:9:5-68
23-->[:firebase_analytics] AndroidManifest.xml:9:22-65
24    <uses-permission android:name="android.permission.READ_EXTERNAL_STORAGE" />
24-->[:image_picker] AndroidManifest.xml:7:5-80
24-->[:image_picker] AndroidManifest.xml:7:22-77
25    <uses-permission android:name="android.permission.WRITE_EXTERNAL_STORAGE" />
25-->[:image_picker] AndroidManifest.xml:8:5-81
25-->[:image_picker] AndroidManifest.xml:8:22-78
26    <uses-permission android:name="com.google.android.finsky.permission.BIND_GET_INSTALL_REFERRER_SERVICE" /> <!-- Required by older versions of Google Play services to create IID tokens -->
26-->[com.google.android.gms:play-services-measurement:17.2.2] AndroidManifest.xml:26:5-110
26-->[com.google.android.gms:play-services-measurement:17.2.2] AndroidManifest.xml:26:22-107
27    <uses-permission android:name="com.google.android.c2dm.permission.RECEIVE" />
27-->[com.google.firebase:firebase-iid:20.0.2] AndroidManifest.xml:26:5-82
27-->[com.google.firebase:firebase-iid:20.0.2] AndroidManifest.xml:26:22-79
28    <uses-permission android:name="android.permission.USE_BIOMETRIC" />
28-->[androidx.biometric:biometric:1.0.0-beta01] AndroidManifest.xml:24:5-72
28-->[androidx.biometric:biometric:1.0.0-beta01] AndroidManifest.xml:24:22-69
29    <uses-permission android:name="android.permission.USE_FINGERPRINT" />
29-->[androidx.biometric:biometric:1.0.0-beta01] AndroidManifest.xml:25:5-74
29-->[androidx.biometric:biometric:1.0.0-beta01] AndroidManifest.xml:25:22-71
30
31    <application
31-->src\main\AndroidManifest.xml:13:5-38:19
32        android:name="io.flutter.app.FlutterApplication"
32-->src\main\AndroidManifest.xml:14:9-57
33        android:appComponentFactory="androidx.core.app.CoreComponentFactory"
33-->[androidx.core:core:1.2.0] AndroidManifest.xml:24:18-86
34        android:icon="@mipmap/ic_launcher"
34-->src\main\AndroidManifest.xml:16:9-43
35        android:label="kilimosalama" >
35-->src\main\AndroidManifest.xml:15:9-37
36        <activity
36-->src\main\AndroidManifest.xml:17:9-32:20
37            android:name="com.example.kilimosalama.MainActivity"
37-->src\main\AndroidManifest.xml:18:13-41
38            android:configChanges="orientation|keyboardHidden|keyboard|screenSize|smallestScreenSize|locale|layoutDirection|fontScale|screenLayout|density|uiMode"
38-->src\main\AndroidManifest.xml:21:13-163
39            android:hardwareAccelerated="true"
39-->src\main\AndroidManifest.xml:22:13-47
40            android:launchMode="singleTop"
40-->src\main\AndroidManifest.xml:19:13-43
41            android:theme="@style/LaunchTheme"
41-->src\main\AndroidManifest.xml:20:13-47
42            android:windowSoftInputMode="adjustResize" >
42-->src\main\AndroidManifest.xml:23:13-55
43            <intent-filter>
43-->src\main\AndroidManifest.xml:24:13-27:29
44                <action android:name="android.intent.action.MAIN" />
44-->src\main\AndroidManifest.xml:25:17-68
44-->src\main\AndroidManifest.xml:25:25-66
45
46                <category android:name="android.intent.category.LAUNCHER" />
46-->src\main\AndroidManifest.xml:26:17-76
46-->src\main\AndroidManifest.xml:26:27-74
47            </intent-filter>
48            <intent-filter>
48-->src\main\AndroidManifest.xml:28:13-31:29
49                <action android:name="FLUTTER_NOTIFICATION_CLICK" />
49-->src\main\AndroidManifest.xml:29:17-69
49-->src\main\AndroidManifest.xml:29:25-66
50
51                <category android:name="android.intent.category.DEFAULT" />
51-->src\main\AndroidManifest.xml:30:17-76
51-->src\main\AndroidManifest.xml:30:27-73
52            </intent-filter>
53        </activity>
54        <!--
55             Don't delete the meta-data below.
56             This is used by the Flutter tool to generate GeneratedPluginRegistrant.java
57        -->
58        <meta-data
58-->src\main\AndroidManifest.xml:35:9-37:33
59            android:name="flutterEmbedding"
59-->src\main\AndroidManifest.xml:36:13-44
60            android:value="2" />
60-->src\main\AndroidManifest.xml:37:13-30
61
62        <service
62-->[:firebase_analytics] AndroidManifest.xml:12:9-16:19
63            android:name="com.google.firebase.components.ComponentDiscoveryService"
63-->[:firebase_analytics] AndroidManifest.xml:12:18-89
64            android:directBootAware="true"
64-->[com.google.firebase:firebase-common:19.3.0] AndroidManifest.xml:34:13-43
65            android:exported="false" >
65-->[com.google.android.gms:play-services-measurement-api:17.2.2] AndroidManifest.xml:29:13-37
66            <meta-data
66-->[:firebase_analytics] AndroidManifest.xml:13:13-15:85
67                android:name="com.google.firebase.components:io.flutter.plugins.firebaseanalytics.FlutterFirebaseAppRegistrar"
67-->[:firebase_analytics] AndroidManifest.xml:14:17-127
68                android:value="com.google.firebase.components.ComponentRegistrar" />
68-->[:firebase_analytics] AndroidManifest.xml:15:17-82
69            <meta-data
69-->[:cloud_functions] AndroidManifest.xml:9:13-11:85
70                android:name="com.google.firebase.components:io.flutter.plugins.firebase.cloudfunctions.FlutterFirebaseAppRegistrar"
70-->[:cloud_functions] AndroidManifest.xml:10:17-133
71                android:value="com.google.firebase.components.ComponentRegistrar" />
71-->[:cloud_functions] AndroidManifest.xml:11:17-82
72            <meta-data
72-->[:cloud_firestore] AndroidManifest.xml:9:13-11:85
73                android:name="com.google.firebase.components:io.flutter.plugins.firebase.cloudfirestore.FlutterFirebaseAppRegistrar"
73-->[:cloud_firestore] AndroidManifest.xml:10:17-133
74                android:value="com.google.firebase.components.ComponentRegistrar" />
74-->[:cloud_firestore] AndroidManifest.xml:11:17-82
75            <meta-data
75-->[:firebase_auth] AndroidManifest.xml:9:13-11:85
76                android:name="com.google.firebase.components:io.flutter.plugins.firebaseauth.FlutterFirebaseAppRegistrar"
76-->[:firebase_auth] AndroidManifest.xml:10:17-122
77                android:value="com.google.firebase.components.ComponentRegistrar" />
77-->[:firebase_auth] AndroidManifest.xml:11:17-82
78            <meta-data
78-->[:firebase_database] AndroidManifest.xml:9:13-11:85
79                android:name="com.google.firebase.components:io.flutter.plugins.firebase.database.FlutterFirebaseAppRegistrar"
79-->[:firebase_database] AndroidManifest.xml:10:17-127
80                android:value="com.google.firebase.components.ComponentRegistrar" />
80-->[:firebase_database] AndroidManifest.xml:11:17-82
81            <meta-data
81-->[:firebase_storage] AndroidManifest.xml:9:13-11:85
82                android:name="com.google.firebase.components:io.flutter.plugins.firebase.storage.FlutterFirebaseAppRegistrar"
82-->[:firebase_storage] AndroidManifest.xml:10:17-126
83                android:value="com.google.firebase.components.ComponentRegistrar" />
83-->[:firebase_storage] AndroidManifest.xml:11:17-82
84            <meta-data
84-->[:firebase_core] AndroidManifest.xml:9:13-11:85
85                android:name="com.google.firebase.components:io.flutter.plugins.firebase.core.FlutterFirebaseAppRegistrar"
85-->[:firebase_core] AndroidManifest.xml:10:17-123
86                android:value="com.google.firebase.components.ComponentRegistrar" />
86-->[:firebase_core] AndroidManifest.xml:11:17-82
87            <meta-data
87-->[:firebase_messaging] AndroidManifest.xml:14:13-16:85
88                android:name="com.google.firebase.components:io.flutter.plugins.firebasemessaging.FlutterFirebaseAppRegistrar"
88-->[:firebase_messaging] AndroidManifest.xml:15:17-127
89                android:value="com.google.firebase.components.ComponentRegistrar" />
89-->[:firebase_messaging] AndroidManifest.xml:16:17-82
90            <meta-data
90-->[com.google.android.gms:play-services-measurement-api:17.2.2] AndroidManifest.xml:30:13-32:85
91                android:name="com.google.firebase.components:com.google.firebase.analytics.connector.internal.AnalyticsConnectorRegistrar"
91-->[com.google.android.gms:play-services-measurement-api:17.2.2] AndroidManifest.xml:31:17-139
92                android:value="com.google.firebase.components.ComponentRegistrar" />
92-->[com.google.android.gms:play-services-measurement-api:17.2.2] AndroidManifest.xml:32:17-82
93            <meta-data
93-->[com.google.firebase:firebase-firestore:21.3.0] AndroidManifest.xml:20:13-22:85
94                android:name="com.google.firebase.components:com.google.firebase.firestore.FirestoreRegistrar"
94-->[com.google.firebase:firebase-firestore:21.3.0] AndroidManifest.xml:21:17-111
95                android:value="com.google.firebase.components.ComponentRegistrar" />
95-->[com.google.firebase:firebase-firestore:21.3.0] AndroidManifest.xml:22:17-82
96            <meta-data
96-->[com.google.firebase:firebase-auth:17.0.0] AndroidManifest.xml:36:13-38:85
97                android:name="com.google.firebase.components:com.google.firebase.auth.FirebaseAuthRegistrar"
97-->[com.google.firebase:firebase-auth:17.0.0] AndroidManifest.xml:37:17-109
98                android:value="com.google.firebase.components.ComponentRegistrar" />
98-->[com.google.firebase:firebase-auth:17.0.0] AndroidManifest.xml:38:17-82
99            <meta-data
99-->[com.google.firebase:firebase-database:17.0.0] AndroidManifest.xml:30:13-32:85
100                android:name="com.google.firebase.components:com.google.firebase.database.DatabaseRegistrar"
100-->[com.google.firebase:firebase-database:17.0.0] AndroidManifest.xml:31:17-109
101                android:value="com.google.firebase.components.ComponentRegistrar" />
101-->[com.google.firebase:firebase-database:17.0.0] AndroidManifest.xml:32:17-82
102            <meta-data
102-->[com.google.firebase:firebase-functions:17.0.0] AndroidManifest.xml:16:13-18:85
103                android:name="com.google.firebase.components:com.google.firebase.functions.FunctionsRegistrar"
103-->[com.google.firebase:firebase-functions:17.0.0] AndroidManifest.xml:17:17-111
104                android:value="com.google.firebase.components.ComponentRegistrar" />
104-->[com.google.firebase:firebase-functions:17.0.0] AndroidManifest.xml:18:17-82
105            <meta-data
105-->[com.google.firebase:firebase-storage:17.0.0] AndroidManifest.xml:31:13-33:85
106                android:name="com.google.firebase.components:com.google.firebase.storage.StorageRegistrar"
106-->[com.google.firebase:firebase-storage:17.0.0] AndroidManifest.xml:32:17-107
107                android:value="com.google.firebase.components.ComponentRegistrar" />
107-->[com.google.firebase:firebase-storage:17.0.0] AndroidManifest.xml:33:17-82
108            <meta-data
108-->[com.google.firebase:firebase-iid:20.0.2] AndroidManifest.xml:32:13-34:85
109                android:name="com.google.firebase.components:com.google.firebase.iid.Registrar"
109-->[com.google.firebase:firebase-iid:20.0.2] AndroidManifest.xml:33:17-96
110                android:value="com.google.firebase.components.ComponentRegistrar" />
110-->[com.google.firebase:firebase-iid:20.0.2] AndroidManifest.xml:34:17-82
111        </service>
112
113        <provider
113-->[:image_picker] AndroidManifest.xml:11:9-19:20
114            android:name="io.flutter.plugins.imagepicker.ImagePickerFileProvider"
114-->[:image_picker] AndroidManifest.xml:12:13-82
115            android:authorities="com.example.kilimosalama.flutter.image_provider"
115-->[:image_picker] AndroidManifest.xml:13:13-74
116            android:exported="false"
116-->[:image_picker] AndroidManifest.xml:14:13-37
117            android:grantUriPermissions="true" >
117-->[:image_picker] AndroidManifest.xml:15:13-47
118            <meta-data
118-->[:image_picker] AndroidManifest.xml:16:13-18:75
119                android:name="android.support.FILE_PROVIDER_PATHS"
119-->[:image_picker] AndroidManifest.xml:17:17-67
120                android:resource="@xml/flutter_image_picker_file_paths" />
120-->[:image_picker] AndroidManifest.xml:18:17-72
121        </provider>
122
123        <service android:name="io.flutter.plugins.firebasemessaging.FlutterFirebaseMessagingService" >
123-->[:firebase_messaging] AndroidManifest.xml:8:9-12:19
123-->[:firebase_messaging] AndroidManifest.xml:8:18-101
124            <intent-filter>
124-->[:firebase_messaging] AndroidManifest.xml:9:13-11:29
125                <action android:name="com.google.firebase.MESSAGING_EVENT" />
125-->[:firebase_messaging] AndroidManifest.xml:10:17-78
125-->[:firebase_messaging] AndroidManifest.xml:10:25-75
126            </intent-filter>
127        </service>
128
129        <receiver
129-->[com.google.android.gms:play-services-measurement:17.2.2] AndroidManifest.xml:29:9-33:20
130            android:name="com.google.android.gms.measurement.AppMeasurementReceiver"
130-->[com.google.android.gms:play-services-measurement:17.2.2] AndroidManifest.xml:30:13-85
131            android:enabled="true"
131-->[com.google.android.gms:play-services-measurement:17.2.2] AndroidManifest.xml:31:13-35
132            android:exported="false" >
132-->[com.google.android.gms:play-services-measurement:17.2.2] AndroidManifest.xml:32:13-37
133        </receiver>
134        <receiver
134-->[com.google.android.gms:play-services-measurement:17.2.2] AndroidManifest.xml:34:9-42:20
135            android:name="com.google.android.gms.measurement.AppMeasurementInstallReferrerReceiver"
135-->[com.google.android.gms:play-services-measurement:17.2.2] AndroidManifest.xml:35:13-100
136            android:enabled="true"
136-->[com.google.android.gms:play-services-measurement:17.2.2] AndroidManifest.xml:36:13-35
137            android:exported="true"
137-->[com.google.android.gms:play-services-measurement:17.2.2] AndroidManifest.xml:37:13-36
138            android:permission="android.permission.INSTALL_PACKAGES" >
138-->[com.google.android.gms:play-services-measurement:17.2.2] AndroidManifest.xml:38:13-69
139            <intent-filter>
139-->[com.google.android.gms:play-services-measurement:17.2.2] AndroidManifest.xml:39:13-41:29
140                <action android:name="com.android.vending.INSTALL_REFERRER" />
140-->[com.google.android.gms:play-services-measurement:17.2.2] AndroidManifest.xml:40:17-79
140-->[com.google.android.gms:play-services-measurement:17.2.2] AndroidManifest.xml:40:25-76
141            </intent-filter>
142        </receiver>
143
144        <service
144-->[com.google.android.gms:play-services-measurement:17.2.2] AndroidManifest.xml:44:9-47:40
145            android:name="com.google.android.gms.measurement.AppMeasurementService"
145-->[com.google.android.gms:play-services-measurement:17.2.2] AndroidManifest.xml:45:13-84
146            android:enabled="true"
146-->[com.google.android.gms:play-services-measurement:17.2.2] AndroidManifest.xml:46:13-35
147            android:exported="false" />
147-->[com.google.android.gms:play-services-measurement:17.2.2] AndroidManifest.xml:47:13-37
148        <service
148-->[com.google.android.gms:play-services-measurement:17.2.2] AndroidManifest.xml:48:9-52:72
149            android:name="com.google.android.gms.measurement.AppMeasurementJobService"
149-->[com.google.android.gms:play-services-measurement:17.2.2] AndroidManifest.xml:49:13-87
150            android:enabled="true"
150-->[com.google.android.gms:play-services-measurement:17.2.2] AndroidManifest.xml:50:13-35
151            android:exported="false"
151-->[com.google.android.gms:play-services-measurement:17.2.2] AndroidManifest.xml:51:13-37
152            android:permission="android.permission.BIND_JOB_SERVICE" />
152-->[com.google.android.gms:play-services-measurement:17.2.2] AndroidManifest.xml:52:13-69
153
154        <activity
154-->[com.google.android.gms:play-services-auth:16.0.1] AndroidManifest.xml:23:9-27:75
155            android:name="com.google.android.gms.auth.api.signin.internal.SignInHubActivity"
155-->[com.google.android.gms:play-services-auth:16.0.1] AndroidManifest.xml:24:13-93
156            android:excludeFromRecents="true"
156-->[com.google.android.gms:play-services-auth:16.0.1] AndroidManifest.xml:25:13-46
157            android:exported="false"
157-->[com.google.android.gms:play-services-auth:16.0.1] AndroidManifest.xml:26:13-37
158            android:theme="@android:style/Theme.Translucent.NoTitleBar" />
158-->[com.google.android.gms:play-services-auth:16.0.1] AndroidManifest.xml:27:13-72
159        <!--
160            Service handling Google Sign-In user revocation. For apps that do not integrate with
161            Google Sign-In, this service will never be started.
162        -->
163        <service
163-->[com.google.android.gms:play-services-auth:16.0.1] AndroidManifest.xml:33:9-36:110
164            android:name="com.google.android.gms.auth.api.signin.RevocationBoundService"
164-->[com.google.android.gms:play-services-auth:16.0.1] AndroidManifest.xml:34:13-89
165            android:exported="true"
165-->[com.google.android.gms:play-services-auth:16.0.1] AndroidManifest.xml:35:13-36
166            android:permission="com.google.android.gms.auth.api.signin.permission.REVOCATION_NOTIFICATION" />
166-->[com.google.android.gms:play-services-auth:16.0.1] AndroidManifest.xml:36:13-107
167
168        <activity
168-->[com.google.firebase:firebase-auth:17.0.0] AndroidManifest.xml:24:9-31:50
169            android:name="com.google.firebase.auth.internal.FederatedSignInActivity"
169-->[com.google.firebase:firebase-auth:17.0.0] AndroidManifest.xml:25:13-85
170            android:excludeFromRecents="true"
170-->[com.google.firebase:firebase-auth:17.0.0] AndroidManifest.xml:26:13-46
171            android:exported="true"
171-->[com.google.firebase:firebase-auth:17.0.0] AndroidManifest.xml:27:13-36
172            android:launchMode="singleTask"
172-->[com.google.firebase:firebase-auth:17.0.0] AndroidManifest.xml:28:13-44
173            android:permission="com.google.firebase.auth.api.gms.permission.LAUNCH_FEDERATED_SIGN_IN"
173-->[com.google.firebase:firebase-auth:17.0.0] AndroidManifest.xml:29:13-102
174            android:theme="@android:style/Theme.Translucent.NoTitleBar" />
174-->[com.google.firebase:firebase-auth:17.0.0] AndroidManifest.xml:30:13-72
175        <!--
176             FirebaseMessagingService performs security checks at runtime,
177             but set to not exported to explicitly avoid allowing another app to call it.
178        -->
179        <service
179-->[com.google.firebase:firebase-messaging:20.0.1] AndroidManifest.xml:28:9-34:19
180            android:name="com.google.firebase.messaging.FirebaseMessagingService"
180-->[com.google.firebase:firebase-messaging:20.0.1] AndroidManifest.xml:29:13-82
181            android:exported="false" >
181-->[com.google.firebase:firebase-messaging:20.0.1] AndroidManifest.xml:30:13-37
182            <intent-filter android:priority="-500" >
182-->[:firebase_messaging] AndroidManifest.xml:9:13-11:29
183                <action android:name="com.google.firebase.MESSAGING_EVENT" />
183-->[:firebase_messaging] AndroidManifest.xml:10:17-78
183-->[:firebase_messaging] AndroidManifest.xml:10:25-75
184            </intent-filter>
185        </service>
186
187        <receiver
187-->[com.google.firebase:firebase-iid:20.0.2] AndroidManifest.xml:37:9-44:20
188            android:name="com.google.firebase.iid.FirebaseInstanceIdReceiver"
188-->[com.google.firebase:firebase-iid:20.0.2] AndroidManifest.xml:38:13-78
189            android:exported="true"
189-->[com.google.firebase:firebase-iid:20.0.2] AndroidManifest.xml:39:13-36
190            android:permission="com.google.android.c2dm.permission.SEND" >
190-->[com.google.firebase:firebase-iid:20.0.2] AndroidManifest.xml:40:13-73
191            <intent-filter>
191-->[com.google.firebase:firebase-iid:20.0.2] AndroidManifest.xml:41:13-43:29
192                <action android:name="com.google.android.c2dm.intent.RECEIVE" />
192-->[com.google.firebase:firebase-iid:20.0.2] AndroidManifest.xml:42:17-81
192-->[com.google.firebase:firebase-iid:20.0.2] AndroidManifest.xml:42:25-78
193            </intent-filter>
194        </receiver>
195
196        <activity
196-->[com.google.android.gms:play-services-base:17.2.1] AndroidManifest.xml:23:9-26:75
197            android:name="com.google.android.gms.common.api.GoogleApiActivity"
197-->[com.google.android.gms:play-services-base:17.2.1] AndroidManifest.xml:24:13-79
198            android:exported="false"
198-->[com.google.android.gms:play-services-base:17.2.1] AndroidManifest.xml:25:13-37
199            android:theme="@android:style/Theme.Translucent.NoTitleBar" />
199-->[com.google.android.gms:play-services-base:17.2.1] AndroidManifest.xml:26:13-72
200        <activity
200-->[androidx.biometric:biometric:1.0.0-beta01] AndroidManifest.xml:28:9-30:67
201            android:name="androidx.biometric.DeviceCredentialHandlerActivity"
201-->[androidx.biometric:biometric:1.0.0-beta01] AndroidManifest.xml:29:13-78
202            android:theme="@style/DeviceCredentialHandlerTheme" />
202-->[androidx.biometric:biometric:1.0.0-beta01] AndroidManifest.xml:30:13-64
203
204        <provider
204-->[com.google.firebase:firebase-common:19.3.0] AndroidManifest.xml:26:9-30:39
205            android:name="com.google.firebase.provider.FirebaseInitProvider"
205-->[com.google.firebase:firebase-common:19.3.0] AndroidManifest.xml:27:13-77
206            android:authorities="com.example.kilimosalama.firebaseinitprovider"
206-->[com.google.firebase:firebase-common:19.3.0] AndroidManifest.xml:28:13-72
207            android:exported="false"
207-->[com.google.firebase:firebase-common:19.3.0] AndroidManifest.xml:29:13-37
208            android:initOrder="100" />
208-->[com.google.firebase:firebase-common:19.3.0] AndroidManifest.xml:30:13-36
209
210        <meta-data
210-->[com.google.android.gms:play-services-basement:17.2.1] AndroidManifest.xml:23:9-25:69
211            android:name="com.google.android.gms.version"
211-->[com.google.android.gms:play-services-basement:17.2.1] AndroidManifest.xml:24:13-58
212            android:value="@integer/google_play_services_version" />
212-->[com.google.android.gms:play-services-basement:17.2.1] AndroidManifest.xml:25:13-66
213    </application>
214
215</manifest>